<?xml version="1.0" encoding="UTF-8"?>
<testng-results skipped="0" failed="0" total="1" passed="1">
  <reporter-output>
    <line>
      <![CDATA[Entering the login page]]>
    </line>
    <line>
      <![CDATA[Furniture Project]]>
    </line>
  </reporter-output>
  <suite name="Suite" duration-ms="12585" started-at="2020-02-03T05:52:28Z" finished-at="2020-02-03T05:52:40Z">
    <groups>
    </groups>
    <test name="ChromeTest" duration-ms="12585" started-at="2020-02-03T05:52:28Z" finished-at="2020-02-03T05:52:40Z">
      <class name="com.mindtree.sdet.test.LoginPageTest">
        <test-method status="PASS" signature="setUp(java.lang.String, java.lang.String, java.lang.String)[pri:0, instance:com.mindtree.sdet.test.LoginPageTest@4678c730]" name="setUp" is-config="true" duration-ms="6903" started-at="2020-02-02T23:52:28Z" finished-at="2020-02-02T23:52:35Z">
          <params>
            <param index="0">
              <value>
                <![CDATA[chrome]]>
              </value>
            </param>
            <param index="1">
              <value>
                <![CDATA[http://okmry52647dns.eastus.cloudapp.azure.com:9090]]>
              </value>
            </param>
            <param index="2">
              <value>
                <![CDATA[no]]>
              </value>
            </param>
          </params>
          <reporter-output>
          </reporter-output>
        </test-method> <!-- setUp -->
        <test-method status="PASS" signature="beforeMethod(java.lang.reflect.Method)[pri:0, instance:com.mindtree.sdet.test.LoginPageTest@4678c730]" name="beforeMethod" is-config="true" duration-ms="2" started-at="2020-02-02T23:52:35Z" finished-at="2020-02-02T23:52:35Z">
          <params>
            <param index="0">
              <value>
                <![CDATA[public void com.mindtree.sdet.test.LoginPageTest.registerUser(java.lang.String,java.lang.String,java.lang.String,java.lang.String,java.lang.reflect.Method)]]>
              </value>
            </param>
          </params>
          <reporter-output>
          </reporter-output>
        </test-method> <!-- beforeMethod -->
        <test-method status="PASS" signature="setUp()[pri:0, instance:com.mindtree.sdet.test.LoginPageTest@4678c730]" name="setUp" is-config="true" duration-ms="1661" started-at="2020-02-02T23:52:35Z" finished-at="2020-02-02T23:52:37Z">
          <reporter-output>
            <line>
              <![CDATA[Entering the login page]]>
            </line>
          </reporter-output>
        </test-method> <!-- setUp -->
        <test-method status="PASS" signature="registerUser(java.lang.String, java.lang.String, java.lang.String, java.lang.String, java.lang.reflect.Method)[pri:0, instance:com.mindtree.sdet.test.LoginPageTest@4678c730]" name="registerUser" duration-ms="3328" started-at="2020-02-02T23:52:37Z" data-provider="getFurnitureTestData" finished-at="2020-02-02T23:52:40Z">
          <params>
            <param index="0">
              <value>
                <![CDATA[Mistaa Paddu]]>
              </value>
            </param>
            <param index="1">
              <value>
                <![CDATA[2112322343]]>
              </value>
            </param>
            <param index="2">
              <value>
                <![CDATA[masterpaddu@gmail.com]]>
              </value>
            </param>
            <param index="3">
              <value>
                <![CDATA[Test@1234]]>
              </value>
            </param>
            <param index="4">
              <value>
                <![CDATA[public void com.mindtree.sdet.test.LoginPageTest.registerUser(java.lang.String,java.lang.String,java.lang.String,java.lang.String,java.lang.reflect.Method)]]>
              </value>
            </param>
          </params>
          <reporter-output>
            <line>
              <![CDATA[Furniture Project]]>
            </line>
          </reporter-output>
        </test-method> <!-- registerUser -->
        <test-method status="PASS" signature="tearDown()[pri:0, instance:com.mindtree.sdet.test.LoginPageTest@4678c730]" name="tearDown" is-config="true" duration-ms="427" started-at="2020-02-02T23:52:40Z" finished-at="2020-02-02T23:52:40Z">
          <reporter-output>
          </reporter-output>
        </test-method> <!-- tearDown -->
      </class> <!-- com.mindtree.sdet.test.LoginPageTest -->
    </test> <!-- ChromeTest -->
  </suite> <!-- Suite -->
</testng-results>
