<?xml version="1.0" encoding="UTF-8"?>
<testng-results skipped="0" failed="0" total="1" passed="1">
  <reporter-output>
  </reporter-output>
  <suite name="Suite" duration-ms="17550" started-at="2020-02-04T16:20:14Z" finished-at="2020-02-04T16:20:32Z">
    <groups>
    </groups>
    <test name="ChromeTest" duration-ms="17550" started-at="2020-02-04T16:20:14Z" finished-at="2020-02-04T16:20:32Z">
      <class name="com.mindtree.sdet.test.SellingPageTest">
        <test-method status="PASS" signature="setUp(java.lang.String, java.lang.String, java.lang.String)[pri:0, instance:com.mindtree.sdet.test.SellingPageTest@6767c1fc]" name="setUp" is-config="true" duration-ms="10759" started-at="2020-02-04T10:20:14Z" finished-at="2020-02-04T10:20:25Z">
          <params>
            <param index="0">
              <value>
                <![CDATA[chrome]]>
              </value>
            </param>
            <param index="1">
              <value>
                <![CDATA[http://okmry52647dns.eastus.cloudapp.azure.com:9090]]>
              </value>
            </param>
            <param index="2">
              <value>
                <![CDATA[no]]>
              </value>
            </param>
          </params>
          <reporter-output>
          </reporter-output>
        </test-method> <!-- setUp -->
        <test-method status="PASS" signature="beforeMethod(java.lang.reflect.Method)[pri:0, instance:com.mindtree.sdet.test.SellingPageTest@6767c1fc]" name="beforeMethod" is-config="true" duration-ms="6" started-at="2020-02-04T10:20:25Z" finished-at="2020-02-04T10:20:25Z">
          <params>
            <param index="0">
              <value>
                <![CDATA[public void com.mindtree.sdet.test.SellingPageTest.clickbuyChairButton()]]>
              </value>
            </param>
          </params>
          <reporter-output>
          </reporter-output>
        </test-method> <!-- beforeMethod -->
        <test-method status="PASS" signature="setUp()[pri:0, instance:com.mindtree.sdet.test.SellingPageTest@6767c1fc]" name="setUp" is-config="true" duration-ms="36" started-at="2020-02-04T10:20:25Z" finished-at="2020-02-04T10:20:25Z">
          <reporter-output>
          </reporter-output>
        </test-method> <!-- setUp -->
        <test-method status="PASS" signature="clickbuyChairButton()[pri:0, instance:com.mindtree.sdet.test.SellingPageTest@6767c1fc]" name="clickbuyChairButton" duration-ms="6047" started-at="2020-02-04T10:20:25Z" finished-at="2020-02-04T10:20:31Z">
          <reporter-output>
          </reporter-output>
        </test-method> <!-- clickbuyChairButton -->
        <test-method status="PASS" signature="tearDown()[pri:0, instance:com.mindtree.sdet.test.SellingPageTest@6767c1fc]" name="tearDown" is-config="true" duration-ms="672" started-at="2020-02-04T10:20:31Z" finished-at="2020-02-04T10:20:32Z">
          <reporter-output>
          </reporter-output>
        </test-method> <!-- tearDown -->
      </class> <!-- com.mindtree.sdet.test.SellingPageTest -->
    </test> <!-- ChromeTest -->
  </suite> <!-- Suite -->
</testng-results>
