<?xml version="1.0" encoding="UTF-8"?>
<!-- Generated by org.testng.reporters.JUnitXMLReporter -->
<testsuite hostname="sushants-Air.attlocal.net" name="ChromeTest" tests="5" failures="0" timestamp="12 Feb 2020 03:34:13 GMT" time="66.927" errors="0">
  <testcase name="homePageTitleTest" time="4.79" classname="com.mindtree.sdet.test.HomePageTest"/>
  <testcase name="clickSignInTest" time="8.671" classname="com.mindtree.sdet.test.HomePageTest"/>
  <testcase name="registerUserTest" time="2.743" classname="com.mindtree.sdet.test.LoginPageTest"/>
  <testcase name="loginTextTest" time="3.124" classname="com.mindtree.sdet.test.LandingPageTest"/>
  <testcase name="clickAllFurnTest" time="1.117" classname="com.mindtree.sdet.test.LandingPageTest"/>
</testsuite> <!-- ChromeTest -->
