<?xml version="1.0" encoding="UTF-8"?>
<!-- Generated by org.testng.reporters.JUnitXMLReporter -->
<testsuite hostname="sushants-Air.attlocal.net" name="ChromeTest" tests="1" failures="1" timestamp="23 Jan 2020 05:28:18 GMT" time="0.044" errors="0">
  <testcase name="uploadFileTest" time="0.007" classname="com.mindtree.sdet.util.UploadFile">
    <failure type="java.lang.NullPointerException">
      <![CDATA[java.lang.NullPointerException
	at com.mindtree.sdet.util.UploadFile.uploadFileTest(UploadFile.java:31)
	at java.util.concurrent.FutureTask.run(FutureTask.java:266)
	at java.util.concurrent.ThreadPoolExecutor.runWorker(ThreadPoolExecutor.java:1149)
	at java.util.concurrent.ThreadPoolExecutor$Worker.run(ThreadPoolExecutor.java:624)
	at java.lang.Thread.run(Thread.java:748)
... Removed 16 stack frames]]>
    </failure>
  </testcase> <!-- uploadFileTest -->
</testsuite> <!-- ChromeTest -->
